<?xml version="1.0" encoding="UTF-8"?>
<testng-results ignored="0" total="9" passed="8" failed="1" skipped="0">
  <reporter-output>
  </reporter-output>
  <suite started-at="2024-04-11T17:16:43 IST" name="Suite" finished-at="2024-04-11T17:18:18 IST" duration-ms="95132">
    <groups>
    </groups>
    <test started-at="2024-04-11T17:16:43 IST" name="Test" finished-at="2024-04-11T17:18:18 IST" duration-ms="95132">
      <class name="com.qa.planfirmatechnologies.OrderFlow">
        <test-method is-config="true" signature="driverSetup()[pri:0, instance:com.qa.planfirmatechnologies.OrderFlow@3fb1549b]" started-at="2024-04-11T17:16:43 IST" name="driverSetup" finished-at="2024-04-11T17:16:55 IST" duration-ms="12332" status="PASS">
          <reporter-output>
          </reporter-output>
        </test-method> <!-- driverSetup -->
        <test-method signature="goToCreateAnAccountPage()[pri:1, instance:com.qa.planfirmatechnologies.OrderFlow@3fb1549b]" started-at="2024-04-11T17:16:55 IST" name="goToCreateAnAccountPage" finished-at="2024-04-11T17:16:57 IST" duration-ms="1657" status="PASS">
          <reporter-output>
          </reporter-output>
        </test-method> <!-- goToCreateAnAccountPage -->
        <test-method signature="createNewAccount()[pri:0, instance:com.qa.planfirmatechnologies.OrderFlow@3fb1549b]" started-at="2024-04-11T17:16:57 IST" name="createNewAccount" finished-at="2024-04-11T17:17:01 IST" depends-on-methods="com.qa.planfirmatechnologies.OrderFlow.goToCreateAnAccountPage" duration-ms="3804" status="PASS">
          <reporter-output>
          </reporter-output>
        </test-method> <!-- createNewAccount -->
        <test-method signature="moveToFitnessEquipmentPage()[pri:2, instance:com.qa.planfirmatechnologies.OrderFlow@3fb1549b]" started-at="2024-04-11T17:17:01 IST" name="moveToFitnessEquipmentPage" finished-at="2024-04-11T17:17:03 IST" duration-ms="1993" status="PASS">
          <reporter-output>
          </reporter-output>
        </test-method> <!-- moveToFitnessEquipmentPage -->
        <test-method signature="selectCategory()[pri:3, instance:com.qa.planfirmatechnologies.OrderFlow@3fb1549b]" started-at="2024-04-11T17:17:03 IST" name="selectCategory" finished-at="2024-04-11T17:17:05 IST" duration-ms="2383" status="PASS">
          <reporter-output>
          </reporter-output>
        </test-method> <!-- selectCategory -->
        <test-method signature="addAllItems()[pri:4, instance:com.qa.planfirmatechnologies.OrderFlow@3fb1549b]" started-at="2024-04-11T17:17:05 IST" name="addAllItems" finished-at="2024-04-11T17:17:17 IST" duration-ms="11773" status="PASS">
          <reporter-output>
          </reporter-output>
        </test-method> <!-- addAllItems -->
        <test-method signature="checkOut()[pri:5, instance:com.qa.planfirmatechnologies.OrderFlow@3fb1549b]" started-at="2024-04-11T17:17:17 IST" name="checkOut" finished-at="2024-04-11T17:17:27 IST" duration-ms="10423" status="PASS">
          <reporter-output>
          </reporter-output>
        </test-method> <!-- checkOut -->
        <test-method signature="verifyOrderSummary()[pri:6, instance:com.qa.planfirmatechnologies.OrderFlow@3fb1549b]" started-at="2024-04-11T17:17:27 IST" name="verifyOrderSummary" finished-at="2024-04-11T17:18:02 IST" duration-ms="34290" status="FAIL">
          <exception class="org.openqa.selenium.NoSuchElementException">
            <message>
              <![CDATA[no such element: Unable to locate element: {"method":"xpath","selector":"//button[@class='action primary action-save-address']"}
  (Session info: chrome-headless-shell=123.0.6312.106)
For documentation on this error, please visit: https://www.selenium.dev/documentation/webdriver/troubleshooting/errors#no-such-element-exception
Build info: version: '4.11.0', revision: '040bc5406b'
System info: os.name: 'Windows 10', os.arch: 'amd64', os.version: '10.0', java.version: '15.0.2'
Driver info: org.openqa.selenium.chrome.ChromeDriver
Command: [66ab429787c4870ba0b63c4ebae5723d, findElement {using=xpath, value=//button[@class='action primary action-save-address']}]
Capabilities {acceptInsecureCerts: false, browserName: chrome-headless-shell, browserVersion: 123.0.6312.106, chrome: {chromedriverVersion: 123.0.6312.122 (31f8248cdd9..., userDataDir: C:\Users\dilip\AppData\Loca...}, fedcm:accounts: true, goog:chromeOptions: {debuggerAddress: localhost:50585}, networkConnectionEnabled: false, pageLoadStrategy: normal, platformName: windows, proxy: Proxy(), se:cdp: ws://localhost:50585/devtoo..., se:cdpVersion: 123.0.6312.106, setWindowRect: true, strictFileInteractability: false, timeouts: {implicit: 0, pageLoad: 300000, script: 30000}, unhandledPromptBehavior: dismiss and notify, webauthn:extension:credBlob: true, webauthn:extension:largeBlob: true, webauthn:extension:minPinLength: true, webauthn:extension:prf: true, webauthn:virtualAuthenticators: true}
Session ID: 66ab429787c4870ba0b63c4ebae5723d]]>
            </message>
            <full-stacktrace>
              <![CDATA[org.openqa.selenium.NoSuchElementException: no such element: Unable to locate element: {"method":"xpath","selector":"//button[@class='action primary action-save-address']"}
  (Session info: chrome-headless-shell=123.0.6312.106)
For documentation on this error, please visit: https://www.selenium.dev/documentation/webdriver/troubleshooting/errors#no-such-element-exception
Build info: version: '4.11.0', revision: '040bc5406b'
System info: os.name: 'Windows 10', os.arch: 'amd64', os.version: '10.0', java.version: '15.0.2'
Driver info: org.openqa.selenium.chrome.ChromeDriver
Command: [66ab429787c4870ba0b63c4ebae5723d, findElement {using=xpath, value=//button[@class='action primary action-save-address']}]
Capabilities {acceptInsecureCerts: false, browserName: chrome-headless-shell, browserVersion: 123.0.6312.106, chrome: {chromedriverVersion: 123.0.6312.122 (31f8248cdd9..., userDataDir: C:\Users\dilip\AppData\Loca...}, fedcm:accounts: true, goog:chromeOptions: {debuggerAddress: localhost:50585}, networkConnectionEnabled: false, pageLoadStrategy: normal, platformName: windows, proxy: Proxy(), se:cdp: ws://localhost:50585/devtoo..., se:cdpVersion: 123.0.6312.106, setWindowRect: true, strictFileInteractability: false, timeouts: {implicit: 0, pageLoad: 300000, script: 30000}, unhandledPromptBehavior: dismiss and notify, webauthn:extension:credBlob: true, webauthn:extension:largeBlob: true, webauthn:extension:minPinLength: true, webauthn:extension:prf: true, webauthn:virtualAuthenticators: true}
Session ID: 66ab429787c4870ba0b63c4ebae5723d
at java.base/jdk.internal.reflect.NativeConstructorAccessorImpl.newInstance0(Native Method)
at java.base/jdk.internal.reflect.NativeConstructorAccessorImpl.newInstance(NativeConstructorAccessorImpl.java:64)
at java.base/jdk.internal.reflect.DelegatingConstructorAccessorImpl.newInstance(DelegatingConstructorAccessorImpl.java:45)
at java.base/java.lang.reflect.Constructor.newInstanceWithCaller(Constructor.java:500)
at java.base/java.lang.reflect.Constructor.newInstance(Constructor.java:481)
at org.openqa.selenium.remote.codec.w3c.W3CHttpResponseCodec.createException(W3CHttpResponseCodec.java:200)
at org.openqa.selenium.remote.codec.w3c.W3CHttpResponseCodec.decode(W3CHttpResponseCodec.java:133)
at org.openqa.selenium.remote.codec.w3c.W3CHttpResponseCodec.decode(W3CHttpResponseCodec.java:52)
at org.openqa.selenium.remote.HttpCommandExecutor.execute(HttpCommandExecutor.java:191)
at org.openqa.selenium.remote.service.DriverCommandExecutor.invokeExecute(DriverCommandExecutor.java:196)
at org.openqa.selenium.remote.service.DriverCommandExecutor.execute(DriverCommandExecutor.java:171)
at org.openqa.selenium.remote.RemoteWebDriver.execute(RemoteWebDriver.java:518)
at org.openqa.selenium.remote.ElementLocation$ElementFinder$2.findElement(ElementLocation.java:165)
at org.openqa.selenium.remote.ElementLocation.findElement(ElementLocation.java:59)
at org.openqa.selenium.remote.RemoteWebDriver.findElement(RemoteWebDriver.java:355)
at org.openqa.selenium.remote.RemoteWebDriver.findElement(RemoteWebDriver.java:349)
at com.qa.planfirmatechnologies.OrderFlow.verifyOrderSummary(OrderFlow.java:236)
at java.base/jdk.internal.reflect.NativeMethodAccessorImpl.invoke0(Native Method)
at java.base/jdk.internal.reflect.NativeMethodAccessorImpl.invoke(NativeMethodAccessorImpl.java:64)
at java.base/jdk.internal.reflect.DelegatingMethodAccessorImpl.invoke(DelegatingMethodAccessorImpl.java:43)
at java.base/java.lang.reflect.Method.invoke(Method.java:564)
at org.testng.internal.MethodInvocationHelper.invokeMethod(MethodInvocationHelper.java:132)
at org.testng.internal.TestInvoker.invokeMethod(TestInvoker.java:599)
at org.testng.internal.TestInvoker.invokeTestMethod(TestInvoker.java:174)
at org.testng.internal.MethodRunner.runInSequence(MethodRunner.java:46)
at org.testng.internal.TestInvoker$MethodInvocationAgent.invoke(TestInvoker.java:822)
at org.testng.internal.TestInvoker.invokeTestMethods(TestInvoker.java:147)
at org.testng.internal.TestMethodWorker.invokeTestMethods(TestMethodWorker.java:146)
at org.testng.internal.TestMethodWorker.run(TestMethodWorker.java:128)
at java.base/java.util.ArrayList.forEach(ArrayList.java:1511)
at org.testng.TestRunner.privateRun(TestRunner.java:764)
at org.testng.TestRunner.run(TestRunner.java:585)
at org.testng.SuiteRunner.runTest(SuiteRunner.java:384)
at org.testng.SuiteRunner.runSequentially(SuiteRunner.java:378)
at org.testng.SuiteRunner.privateRun(SuiteRunner.java:337)
at org.testng.SuiteRunner.run(SuiteRunner.java:286)
at org.testng.SuiteRunnerWorker.runSuite(SuiteRunnerWorker.java:53)
at org.testng.SuiteRunnerWorker.run(SuiteRunnerWorker.java:96)
at org.testng.TestNG.runSuitesSequentially(TestNG.java:1218)
at org.testng.TestNG.runSuitesLocally(TestNG.java:1140)
at org.testng.TestNG.runSuites(TestNG.java:1069)
at org.testng.TestNG.run(TestNG.java:1037)
at org.testng.remote.AbstractRemoteTestNG.run(AbstractRemoteTestNG.java:115)
at org.testng.remote.RemoteTestNG.initAndRun(RemoteTestNG.java:251)
at org.testng.remote.RemoteTestNG.main(RemoteTestNG.java:77)
]]>
            </full-stacktrace>
          </exception> <!-- org.openqa.selenium.NoSuchElementException -->
          <reporter-output>
          </reporter-output>
        </test-method> <!-- verifyOrderSummary -->
        <test-method signature="placeOrder()[pri:7, instance:com.qa.planfirmatechnologies.OrderFlow@3fb1549b]" started-at="2024-04-11T17:18:02 IST" name="placeOrder" finished-at="2024-04-11T17:18:17 IST" duration-ms="15448" status="PASS">
          <reporter-output>
          </reporter-output>
        </test-method> <!-- placeOrder -->
        <test-method signature="OrderConfirmation()[pri:8, instance:com.qa.planfirmatechnologies.OrderFlow@3fb1549b]" started-at="2024-04-11T17:18:17 IST" name="OrderConfirmation" finished-at="2024-04-11T17:18:17 IST" duration-ms="30" status="PASS">
          <reporter-output>
          </reporter-output>
        </test-method> <!-- OrderConfirmation -->
        <test-method is-config="true" signature="exitDriver()[pri:0, instance:com.qa.planfirmatechnologies.OrderFlow@3fb1549b]" started-at="2024-04-11T17:18:17 IST" name="exitDriver" finished-at="2024-04-11T17:18:18 IST" duration-ms="916" status="PASS">
          <reporter-output>
          </reporter-output>
        </test-method> <!-- exitDriver -->
      </class> <!-- com.qa.planfirmatechnologies.OrderFlow -->
    </test> <!-- Test -->
  </suite> <!-- Suite -->
</testng-results>
